TN:
SF:src/modules/appointments/services/CreateAppointmentsServices.ts
FN:14,(anonymous_18)
FN:16,CreateAppointmentsServices
FN:21,(anonymous_20)
FNF:3
FNH:0
FNDA:0,(anonymous_18)
FNDA:0,CreateAppointmentsServices
FNDA:0,(anonymous_20)
DA:2,0
DA:3,0
DA:4,0
DA:14,0
DA:18,0
DA:21,0
DA:23,0
DA:25,0
DA:27,0
DA:28,0
DA:31,0
DA:37,0
DA:39,0
DA:41,0
LF:14
LH:0
BRDA:27,0,0,0
BRDA:27,0,1,0
BRF:2
BRH:0
end_of_record
TN:
SF:src/modules/users/services/AuthUserServices.ts
FN:21,(anonymous_18)
FN:23,AuthUserServices
FN:32,(anonymous_20)
FNF:3
FNH:0
FNDA:0,(anonymous_18)
FNDA:0,AuthUserServices
FNDA:0,(anonymous_20)
DA:2,0
DA:3,0
DA:7,0
DA:8,0
DA:21,0
DA:25,0
DA:28,0
DA:32,0
DA:33,0
DA:35,0
DA:36,0
DA:40,0
DA:42,0
DA:43,0
DA:46,0
DA:51,0
DA:56,0
DA:58,0
LF:18
LH:0
BRDA:33,0,0,0
BRDA:35,1,0,0
BRDA:35,1,1,0
BRDA:42,2,0,0
BRDA:42,2,1,0
BRF:5
BRH:0
end_of_record
TN:
SF:src/modules/users/services/CreateUSerService.ts
FN:14,(anonymous_18)
FN:16,CreateUSerService
FN:25,(anonymous_20)
FNF:3
FNH:0
FNDA:0,(anonymous_18)
FNDA:0,CreateUSerService
FNDA:0,(anonymous_20)
DA:3,0
DA:5,0
DA:14,0
DA:18,0
DA:21,0
DA:25,0
DA:27,0
DA:29,0
DA:30,0
DA:33,0
DA:35,0
DA:42,0
DA:45,0
DA:47,0
LF:14
LH:0
BRDA:27,0,0,0
BRDA:29,1,0,0
BRDA:29,1,1,0
BRF:3
BRH:0
end_of_record
TN:
SF:src/modules/users/services/ResetPasswordService.ts
FN:17,(anonymous_18)
FN:19,ResetPasswordService
FN:32,(anonymous_20)
FNF:3
FNH:3
FNDA:1,(anonymous_18)
FNDA:4,ResetPasswordService
FNDA:4,(anonymous_20)
DA:1,1
DA:2,1
DA:9,1
DA:17,1
DA:21,4
DA:25,4
DA:28,4
DA:32,4
DA:33,4
DA:35,4
DA:36,1
DA:39,3
DA:41,3
DA:42,3
DA:46,0
DA:48,0
DA:49,0
DA:52,0
DA:55,0
DA:58,1
DA:60,1
LF:21
LH:16
BRDA:33,0,0,4
BRDA:35,1,0,1
BRDA:35,1,1,3
BRDA:41,2,0,3
BRDA:41,2,1,0
BRDA:48,3,0,0
BRDA:48,3,1,0
BRF:7
BRH:4
end_of_record
TN:
SF:src/modules/users/services/SendForgotEmailPasswordService.ts
FN:13,(anonymous_18)
FN:15,SendForgotEmailPasswordService
FN:27,(anonymous_20)
FNF:3
FNH:0
FNDA:0,(anonymous_18)
FNDA:0,SendForgotEmailPasswordService
FNDA:0,(anonymous_20)
DA:1,0
DA:6,0
DA:13,0
DA:17,0
DA:20,0
DA:23,0
DA:27,0
DA:28,0
DA:30,0
DA:31,0
DA:34,0
DA:36,0
DA:40,0
DA:42,0
LF:14
LH:0
BRDA:28,0,0,0
BRDA:30,1,0,0
BRDA:30,1,1,0
BRF:3
BRH:0
end_of_record
TN:
SF:src/modules/users/services/updateUserAvatar.ts
FN:16,(anonymous_18)
FN:18,updateUserAvatar
FN:26,(anonymous_20)
FNF:3
FNH:0
FNDA:0,(anonymous_18)
FNDA:0,updateUserAvatar
FNDA:0,(anonymous_20)
DA:7,0
DA:8,0
DA:16,0
DA:20,0
DA:23,0
DA:26,0
DA:28,0
DA:30,0
DA:31,0
DA:34,0
DA:36,0
DA:39,0
DA:41,0
DA:42,0
DA:44,0
DA:46,0
DA:48,0
LF:17
LH:0
BRDA:28,0,0,0
BRDA:30,1,0,0
BRDA:30,1,1,0
BRDA:34,2,0,0
BRDA:34,2,1,0
BRF:5
BRH:0
end_of_record
