TN:
SF:src/modules/appointments/services/CreateAppointmentsServices.ts
FN:17,(anonymous_18)
FN:19,CreateAppointmentsServices
FN:30,(anonymous_20)
FNF:3
FNH:3
FNDA:1,(anonymous_18)
FNDA:5,CreateAppointmentsServices
FNDA:7,(anonymous_20)
DA:2,1
DA:5,1
DA:6,1
DA:17,1
DA:21,5
DA:24,5
DA:27,5
DA:30,7
DA:32,7
DA:36,7
DA:37,4
DA:41,3
DA:42,0
DA:46,3
DA:47,0
DA:50,3
DA:52,3
DA:53,1
DA:56,2
DA:62,2
DA:64,4
DA:69,4
DA:73,2
DA:75,1
DA:77,1
LF:25
LH:23
BRDA:36,0,0,4
BRDA:36,0,1,3
BRDA:41,1,0,0
BRDA:41,1,1,3
BRDA:46,2,0,0
BRDA:46,2,1,3
BRDA:46,3,0,3
BRDA:46,3,1,3
BRDA:52,4,0,1
BRDA:52,4,1,2
BRF:10
BRH:8
end_of_record
TN:
SF:src/modules/appointments/services/ListMouthAvailableService.ts
FN:21,(anonymous_17)
FN:23,ListMouthAvailableService
FN:28,(anonymous_19)
FN:39,(anonymous_22)
FN:41,(anonymous_23)
FN:42,(anonymous_24)
FNF:6
FNH:6
FNDA:1,(anonymous_17)
FNDA:1,ListMouthAvailableService
FNDA:1,(anonymous_19)
FNDA:30,(anonymous_22)
FNDA:30,(anonymous_23)
FNDA:330,(anonymous_24)
DA:2,1
DA:5,1
DA:21,1
DA:25,1
DA:28,1
DA:29,1
DA:35,1
DA:37,1
DA:39,30
DA:41,1
DA:42,30
DA:43,330
DA:46,30
DA:53,1
DA:55,1
DA:57,1
LF:16
LH:16
BRDA:29,0,0,1
BRF:1
BRH:1
end_of_record
TN:
SF:src/modules/appointments/services/ListProviderApointmentsService.ts
FN:15,(anonymous_17)
FN:17,ListProviderApointmentsService
FN:25,(anonymous_19)
FNF:3
FNH:3
FNDA:1,(anonymous_17)
FNDA:1,ListProviderApointmentsService
FNDA:1,(anonymous_19)
DA:5,1
DA:15,1
DA:19,1
DA:22,1
DA:25,1
DA:27,1
DA:29,1
DA:31,1
DA:33,1
DA:41,2
DA:46,1
DA:49,1
DA:51,1
LF:13
LH:13
BRDA:46,0,0,1
BRDA:31,1,0,0
BRDA:31,1,1,1
BRF:3
BRH:2
end_of_record
TN:
SF:src/modules/appointments/services/ListProviderDayAvailableService.ts
FN:20,(anonymous_17)
FN:22,ListDayAvailableService
FN:27,(anonymous_19)
FN:38,(anonymous_22)
FN:43,(anonymous_23)
FN:44,(anonymous_24)
FNF:6
FNH:6
FNDA:1,(anonymous_17)
FNDA:1,ListDayAvailableService
FNDA:1,(anonymous_19)
FNDA:10,(anonymous_22)
FNDA:10,(anonymous_23)
FNDA:19,(anonymous_24)
DA:2,1
DA:4,1
DA:20,1
DA:24,1
DA:27,1
DA:28,1
DA:36,1
DA:37,1
DA:38,10
DA:41,1
DA:43,1
DA:44,10
DA:45,19
DA:49,10
DA:51,10
DA:59,1
DA:61,1
DA:63,1
LF:18
LH:18
BRDA:28,0,0,1
BRDA:53,1,0,10
BRDA:53,1,1,8
BRF:3
BRH:3
end_of_record
TN:
SF:src/modules/appointments/services/ListProviderService.ts
FN:11,(anonymous_17)
FN:13,ListProviderService
FN:22,(anonymous_19)
FNF:3
FNH:3
FNDA:1,(anonymous_17)
FNDA:1,ListProviderService
FNDA:1,(anonymous_19)
DA:4,1
DA:11,1
DA:15,1
DA:19,1
DA:22,1
DA:24,1
DA:27,1
DA:28,1
DA:32,2
DA:36,1
DA:38,1
DA:40,1
LF:12
LH:12
BRDA:24,0,0,1
BRDA:24,0,1,1
BRDA:27,1,0,0
BRDA:27,1,1,1
BRF:4
BRH:3
end_of_record
TN:
SF:src/modules/users/services/AuthUserServices.ts
FN:21,(anonymous_18)
FN:23,AuthUserServices
FN:32,(anonymous_20)
FNF:3
FNH:3
FNDA:1,(anonymous_18)
FNDA:3,AuthUserServices
FNDA:3,(anonymous_20)
DA:2,1
DA:3,1
DA:7,1
DA:8,1
DA:21,1
DA:25,3
DA:28,3
DA:32,3
DA:33,3
DA:35,3
DA:36,1
DA:40,2
DA:42,2
DA:43,1
DA:46,1
DA:51,1
DA:56,1
DA:58,1
LF:18
LH:18
BRDA:33,0,0,3
BRDA:35,1,0,1
BRDA:35,1,1,2
BRDA:42,2,0,1
BRDA:42,2,1,1
BRF:5
BRH:5
end_of_record
TN:
SF:src/modules/users/services/CreateUSerService.ts
FN:15,(anonymous_18)
FN:17,CreateUSerService
FN:29,(anonymous_20)
FNF:3
FNH:3
FNDA:2,(anonymous_18)
FNDA:4,CreateUSerService
FNDA:5,(anonymous_20)
DA:4,2
DA:6,2
DA:15,2
DA:19,4
DA:22,4
DA:25,4
DA:29,5
DA:31,5
DA:33,5
DA:34,1
DA:37,4
DA:39,4
DA:45,8
DA:48,4
DA:51,2
DA:53,2
LF:16
LH:16
BRDA:31,0,0,5
BRDA:33,1,0,1
BRDA:33,1,1,4
BRF:3
BRH:3
end_of_record
TN:
SF:src/modules/users/services/ResetPasswordService.ts
FN:17,(anonymous_18)
FN:19,ResetPasswordService
FN:32,(anonymous_20)
FNF:3
FNH:0
FNDA:0,(anonymous_18)
FNDA:0,ResetPasswordService
FNDA:0,(anonymous_20)
DA:1,0
DA:2,0
DA:9,0
DA:17,0
DA:21,0
DA:25,0
DA:28,0
DA:32,0
DA:33,0
DA:35,0
DA:36,0
DA:39,0
DA:41,0
DA:42,0
DA:46,0
DA:48,0
DA:49,0
DA:52,0
DA:55,0
DA:58,0
DA:60,0
LF:21
LH:0
BRDA:33,0,0,0
BRDA:35,1,0,0
BRDA:35,1,1,0
BRDA:41,2,0,0
BRDA:41,2,1,0
BRDA:48,3,0,0
BRDA:48,3,1,0
BRF:7
BRH:0
end_of_record
TN:
SF:src/modules/users/services/SendForgotEmailPasswordService.ts
FN:14,(anonymous_18)
FN:16,SendForgotEmailPasswordService
FN:28,(anonymous_20)
FNF:3
FNH:3
FNDA:1,(anonymous_18)
FNDA:3,SendForgotEmailPasswordService
FNDA:3,(anonymous_20)
DA:1,1
DA:2,1
DA:7,1
DA:14,1
DA:18,3
DA:21,3
DA:24,3
DA:28,3
DA:29,3
DA:31,3
DA:32,1
DA:35,2
DA:37,2
DA:40,4
DA:57,1
DA:59,1
LF:16
LH:16
BRDA:29,0,0,3
BRDA:31,1,0,1
BRDA:31,1,1,2
BRF:3
BRH:3
end_of_record
TN:
SF:src/modules/users/services/ShowProfileUserService.ts
FN:12,(anonymous_18)
FN:14,ShowrProfileService
FN:20,(anonymous_20)
FNF:3
FNH:0
FNDA:0,(anonymous_18)
FNDA:0,ShowrProfileService
FNDA:0,(anonymous_20)
DA:4,0
DA:5,0
DA:12,0
DA:16,0
DA:20,0
DA:21,0
DA:23,0
DA:24,0
DA:27,0
DA:29,0
DA:31,0
LF:11
LH:0
BRDA:21,0,0,0
BRDA:23,1,0,0
BRDA:23,1,1,0
BRF:3
BRH:0
end_of_record
TN:
SF:src/modules/users/services/updateUserAvatar.ts
FN:14,(anonymous_18)
FN:16,updateUserAvatar
FN:24,(anonymous_20)
FNF:3
FNH:3
FNDA:1,(anonymous_18)
FNDA:2,updateUserAvatar
FNDA:3,(anonymous_20)
DA:5,1
DA:6,1
DA:14,1
DA:18,2
DA:21,2
DA:24,3
DA:26,3
DA:28,3
DA:29,0
DA:32,5
DA:34,2
DA:37,3
DA:39,3
DA:40,6
DA:42,3
DA:44,1
DA:46,1
LF:17
LH:16
BRDA:26,0,0,3
BRDA:28,1,0,0
BRDA:28,1,1,3
BRDA:32,2,0,2
BRDA:32,2,1,1
BRF:5
BRH:4
end_of_record
